<?xml version="1.0" encoding="UTF-8"?>
<testsuite name="in.unpluggedmind.HSMInterface.HsmInterfaceApplicationTests" tests="1" skipped="0" failures="0" errors="0" timestamp="2019-02-01T07:38:25" hostname="Umesh-Kolhe" time="0.51">
  <properties/>
  <testcase name="contextLoads" classname="in.unpluggedmind.HSMInterface.HsmInterfaceApplicationTests" time="0.51"/>
  <system-out><![CDATA[13:08:23.205 [Test worker] DEBUG org.springframework.test.context.junit4.SpringJUnit4ClassRunner - SpringJUnit4ClassRunner constructor called with [class in.unpluggedmind.HSMInterface.HsmInterfaceApplicationTests]
13:08:23.221 [Test worker] DEBUG org.springframework.test.context.BootstrapUtils - Instantiating CacheAwareContextLoaderDelegate from class [org.springframework.test.context.cache.DefaultCacheAwareContextLoaderDelegate]
13:08:23.235 [Test worker] DEBUG org.springframework.test.context.BootstrapUtils - Instantiating BootstrapContext using constructor [public org.springframework.test.context.support.DefaultBootstrapContext(java.lang.Class,org.springframework.test.context.CacheAwareContextLoaderDelegate)]
13:08:23.265 [Test worker] DEBUG org.springframework.test.context.BootstrapUtils - Instantiating TestContextBootstrapper for test class [in.unpluggedmind.HSMInterface.HsmInterfaceApplicationTests] from class [org.springframework.boot.test.context.SpringBootTestContextBootstrapper]
13:08:23.286 [Test worker] INFO org.springframework.boot.test.context.SpringBootTestContextBootstrapper - Neither @ContextConfiguration nor @ContextHierarchy found for test class [in.unpluggedmind.HSMInterface.HsmInterfaceApplicationTests], using SpringBootContextLoader
13:08:23.292 [Test worker] DEBUG org.springframework.test.context.support.AbstractContextLoader - Did not detect default resource location for test class [in.unpluggedmind.HSMInterface.HsmInterfaceApplicationTests]: class path resource [in/unpluggedmind/HSMInterface/HsmInterfaceApplicationTests-context.xml] does not exist
13:08:23.294 [Test worker] DEBUG org.springframework.test.context.support.AbstractContextLoader - Did not detect default resource location for test class [in.unpluggedmind.HSMInterface.HsmInterfaceApplicationTests]: class path resource [in/unpluggedmind/HSMInterface/HsmInterfaceApplicationTestsContext.groovy] does not exist
13:08:23.295 [Test worker] INFO org.springframework.test.context.support.AbstractContextLoader - Could not detect default resource locations for test class [in.unpluggedmind.HSMInterface.HsmInterfaceApplicationTests]: no resource found for suffixes {-context.xml, Context.groovy}.
13:08:23.297 [Test worker] INFO org.springframework.test.context.support.AnnotationConfigContextLoaderUtils - Could not detect default configuration classes for test class [in.unpluggedmind.HSMInterface.HsmInterfaceApplicationTests]: HsmInterfaceApplicationTests does not declare any static, non-private, non-final, nested classes annotated with @Configuration.
13:08:23.420 [Test worker] DEBUG org.springframework.test.context.support.ActiveProfilesUtils - Could not find an 'annotation declaring class' for annotation type [org.springframework.test.context.ActiveProfiles] and class [in.unpluggedmind.HSMInterface.HsmInterfaceApplicationTests]
13:08:23.568 [Test worker] DEBUG org.springframework.context.annotation.ClassPathScanningCandidateComponentProvider - Identified candidate component class: file [D:\OneDrive - Renovite Technologies Inc\ProjX\GitHub_um\HSMInterface\build\classes\java\main\in\unpluggedmind\HSMInterface\HsmInterfaceApplication.class]
13:08:23.577 [Test worker] INFO org.springframework.boot.test.context.SpringBootTestContextBootstrapper - Found @SpringBootConfiguration in.unpluggedmind.HSMInterface.HsmInterfaceApplication for test class in.unpluggedmind.HSMInterface.HsmInterfaceApplicationTests
13:08:23.811 [Test worker] DEBUG org.springframework.boot.test.context.SpringBootTestContextBootstrapper - @TestExecutionListeners is not present for class [in.unpluggedmind.HSMInterface.HsmInterfaceApplicationTests]: using defaults.
13:08:23.812 [Test worker] INFO org.springframework.boot.test.context.SpringBootTestContextBootstrapper - Loaded default TestExecutionListener class names from location [META-INF/spring.factories]: [org.springframework.boot.test.autoconfigure.restdocs.RestDocsTestExecutionListener, org.springframework.boot.test.autoconfigure.web.client.MockRestServiceServerResetTestExecutionListener, org.springframework.boot.test.autoconfigure.web.servlet.MockMvcPrintOnlyOnFailureTestExecutionListener, org.springframework.boot.test.autoconfigure.web.servlet.WebDriverTestExecutionListener, org.springframework.boot.test.mock.mockito.MockitoTestExecutionListener, org.springframework.boot.test.mock.mockito.ResetMocksTestExecutionListener, org.springframework.test.context.web.ServletTestExecutionListener, org.springframework.test.context.support.DirtiesContextBeforeModesTestExecutionListener, org.springframework.test.context.support.DependencyInjectionTestExecutionListener, org.springframework.test.context.support.DirtiesContextTestExecutionListener, org.springframework.test.context.transaction.TransactionalTestExecutionListener, org.springframework.test.context.jdbc.SqlScriptsTestExecutionListener]
13:08:23.976 [Test worker] DEBUG org.springframework.boot.test.context.SpringBootTestContextBootstrapper - Skipping candidate TestExecutionListener [org.springframework.test.context.web.ServletTestExecutionListener] due to a missing dependency. Specify custom listener classes or make the default listener classes and their required dependencies available. Offending class: [javax/servlet/ServletContext]
13:08:23.979 [Test worker] DEBUG org.springframework.boot.test.context.SpringBootTestContextBootstrapper - Skipping candidate TestExecutionListener [org.springframework.test.context.transaction.TransactionalTestExecutionListener] due to a missing dependency. Specify custom listener classes or make the default listener classes and their required dependencies available. Offending class: [org/springframework/transaction/interceptor/TransactionAttributeSource]
13:08:23.987 [Test worker] DEBUG org.springframework.boot.test.context.SpringBootTestContextBootstrapper - Skipping candidate TestExecutionListener [org.springframework.test.context.jdbc.SqlScriptsTestExecutionListener] due to a missing dependency. Specify custom listener classes or make the default listener classes and their required dependencies available. Offending class: [org/springframework/transaction/interceptor/TransactionAttribute]
13:08:23.988 [Test worker] INFO org.springframework.boot.test.context.SpringBootTestContextBootstrapper - Using TestExecutionListeners: [org.springframework.test.context.support.DirtiesContextBeforeModesTestExecutionListener@acb20be, org.springframework.boot.test.mock.mockito.MockitoTestExecutionListener@58c531e2, org.springframework.boot.test.autoconfigure.SpringBootDependencyInjectionTestExecutionListener@6d379d24, org.springframework.test.context.support.DirtiesContextTestExecutionListener@7640f428, org.springframework.boot.test.autoconfigure.restdocs.RestDocsTestExecutionListener@25ddf48e, org.springframework.boot.test.autoconfigure.web.client.MockRestServiceServerResetTestExecutionListener@54668bf6, org.springframework.boot.test.autoconfigure.web.servlet.MockMvcPrintOnlyOnFailureTestExecutionListener@569e2e3, org.springframework.boot.test.autoconfigure.web.servlet.WebDriverTestExecutionListener@7479a7d2, org.springframework.boot.test.mock.mockito.ResetMocksTestExecutionListener@3e4a5457]
13:08:23.996 [Test worker] DEBUG org.springframework.test.annotation.ProfileValueUtils - Retrieved @ProfileValueSourceConfiguration [null] for test class [in.unpluggedmind.HSMInterface.HsmInterfaceApplicationTests]
13:08:23.996 [Test worker] DEBUG org.springframework.test.annotation.ProfileValueUtils - Retrieved ProfileValueSource type [class org.springframework.test.annotation.SystemProfileValueSource] for class [in.unpluggedmind.HSMInterface.HsmInterfaceApplicationTests]
13:08:24.002 [Test worker] DEBUG org.springframework.test.annotation.ProfileValueUtils - Retrieved @ProfileValueSourceConfiguration [null] for test class [in.unpluggedmind.HSMInterface.HsmInterfaceApplicationTests]
13:08:24.003 [Test worker] DEBUG org.springframework.test.annotation.ProfileValueUtils - Retrieved ProfileValueSource type [class org.springframework.test.annotation.SystemProfileValueSource] for class [in.unpluggedmind.HSMInterface.HsmInterfaceApplicationTests]
13:08:24.013 [Test worker] DEBUG org.springframework.test.context.support.AbstractDirtiesContextTestExecutionListener - Before test class: context [DefaultTestContext@7f7945d6 testClass = HsmInterfaceApplicationTests, testInstance = [null], testMethod = [null], testException = [null], mergedContextConfiguration = [MergedContextConfiguration@7480777 testClass = HsmInterfaceApplicationTests, locations = '{}', classes = '{class in.unpluggedmind.HSMInterface.HsmInterfaceApplication}', contextInitializerClasses = '[]', activeProfiles = '{}', propertySourceLocations = '{}', propertySourceProperties = '{org.springframework.boot.test.context.SpringBootTestContextBootstrapper=true}', contextCustomizers = set[org.springframework.boot.test.autoconfigure.properties.PropertyMappingContextCustomizer@0, org.springframework.boot.test.autoconfigure.web.servlet.WebDriverContextCustomizerFactory$Customizer@50d47ea5, org.springframework.boot.test.context.filter.ExcludeFilterContextCustomizer@13bec681, org.springframework.boot.test.json.DuplicateJsonObjectContextCustomizerFactory$DuplicateJsonObjectContextCustomizer@254051f9, org.springframework.boot.test.mock.mockito.MockitoContextCustomizer@0, org.springframework.boot.test.web.client.TestRestTemplateContextCustomizer@46f9bc3], contextLoader = 'org.springframework.boot.test.context.SpringBootContextLoader', parent = [null]], attributes = map[[empty]]], class annotated with @DirtiesContext [false] with mode [null].
13:08:24.014 [Test worker] DEBUG org.springframework.test.annotation.ProfileValueUtils - Retrieved @ProfileValueSourceConfiguration [null] for test class [in.unpluggedmind.HSMInterface.HsmInterfaceApplicationTests]
13:08:24.015 [Test worker] DEBUG org.springframework.test.annotation.ProfileValueUtils - Retrieved ProfileValueSource type [class org.springframework.test.annotation.SystemProfileValueSource] for class [in.unpluggedmind.HSMInterface.HsmInterfaceApplicationTests]
13:08:24.026 [Test worker] DEBUG org.springframework.test.context.support.DependencyInjectionTestExecutionListener - Performing dependency injection for test context [[DefaultTestContext@7f7945d6 testClass = HsmInterfaceApplicationTests, testInstance = in.unpluggedmind.HSMInterface.HsmInterfaceApplicationTests@3f23ad9e, testMethod = [null], testException = [null], mergedContextConfiguration = [MergedContextConfiguration@7480777 testClass = HsmInterfaceApplicationTests, locations = '{}', classes = '{class in.unpluggedmind.HSMInterface.HsmInterfaceApplication}', contextInitializerClasses = '[]', activeProfiles = '{}', propertySourceLocations = '{}', propertySourceProperties = '{org.springframework.boot.test.context.SpringBootTestContextBootstrapper=true}', contextCustomizers = set[org.springframework.boot.test.autoconfigure.properties.PropertyMappingContextCustomizer@0, org.springframework.boot.test.autoconfigure.web.servlet.WebDriverContextCustomizerFactory$Customizer@50d47ea5, org.springframework.boot.test.context.filter.ExcludeFilterContextCustomizer@13bec681, org.springframework.boot.test.json.DuplicateJsonObjectContextCustomizerFactory$DuplicateJsonObjectContextCustomizer@254051f9, org.springframework.boot.test.mock.mockito.MockitoContextCustomizer@0, org.springframework.boot.test.web.client.TestRestTemplateContextCustomizer@46f9bc3], contextLoader = 'org.springframework.boot.test.context.SpringBootContextLoader', parent = [null]], attributes = map[[empty]]]].
13:08:24.099 [Test worker] DEBUG org.springframework.test.context.support.TestPropertySourceUtils - Adding inlined properties to environment: {spring.jmx.enabled=false, org.springframework.boot.test.context.SpringBootTestContextBootstrapper=true, server.port=-1}

  .   ____          _            __ _ _
 /\\ / ___'_ __ _ _(_)_ __  __ _ \ \ \ \
( ( )\___ | '_ | '_| | '_ \/ _` | \ \ \ \
 \\/  ___)| |_)| | | | | || (_| |  ) ) ) )
  '  |____| .__|_| |_|_| |_\__, | / / / /
 =========|_|==============|___/=/_/_/_/
 :: Spring Boot ::        (v2.1.2.RELEASE)

2019-02-01 13:08:24.591  INFO 9900 --- [    Test worker] i.u.H.HsmInterfaceApplicationTests       : Starting HsmInterfaceApplicationTests on Umesh-Kolhe with PID 9900 (started by umesh.kolhe in D:\OneDrive - Renovite Technologies Inc\ProjX\GitHub_um\HSMInterface)
2019-02-01 13:08:24.593  INFO 9900 --- [    Test worker] i.u.H.HsmInterfaceApplicationTests       : No active profile set, falling back to default profiles: default
2019-02-01 13:08:25.465  INFO 9900 --- [    Test worker] i.u.H.HsmInterfaceApplicationTests       : Started HsmInterfaceApplicationTests in 1.362 seconds (JVM running for 4.137)
]]></system-out>
  <system-err><![CDATA[]]></system-err>
</testsuite>
